<?xml version="1.0" encoding="UTF-8" ?>
<testsuite tests="3" failures="0" name="com.expensetracker.service.ExpenseServiceTest" time="0.097" errors="0" skipped="0">
  <properties>
[...]
</properties>
  <testcase classname="com.expensetracker.service.ExpenseServiceTest" name="deleteExpenseTest" time="0.072"/>
  <testcase classname="com.expensetracker.service.ExpenseServiceTest" name="addExpenseTest" time="0.003"/>
  <testcase classname="com.expensetracker.service.ExpenseServiceTest" name="deleteNonExistingExpenseTest" time="0.022"/>
</testsuite>